<?xml version="1.0" encoding="UTF-8"?>
<!-- Generated by org.testng.reporters.JUnitXMLReporter -->
<testsuite hostname="vishal" ignored="0" name="Test" tests="3" failures="0" timestamp="2020-07-02T15:35:40 IST" time="13.365" errors="0">
  <testcase name="basePageNavigation" time="7.83" classname="automation.scratch_framework.HomePage"/>
  <testcase name="basePageNavigation" time="2.241" classname="automation.scratch_framework.HomePage"/>
  <testcase name="basePageNavigation" time="2.042" classname="automation.scratch_framework.HomePage"/>
</testsuite> <!-- Test -->
