<?xml version="1.0" encoding="UTF-8"?>
<testsuite xmlns:xsi="http://www.w3.org/2001/XMLSchema-instance" xsi:noNamespaceSchemaLocation="https://maven.apache.org/surefire/maven-surefire-plugin/xsd/surefire-test-report-3.0.xsd" version="3.0" name="TestSuite" time="8.877" tests="3" errors="0" skipped="0" failures="3">
  <properties>
[...]
</properties>
  <testcase name="basePageNavigation[abc@gmail.com, 1234567890](1)" classname="automation.scratch_framework.HomePage" time="2.51">
    <failure message="Browsing context has been discarded&#10;Build info: version: &apos;3.141.59&apos;, revision: &apos;e82be7d358&apos;, time: &apos;2018-11-14T08:17:03&apos;&#10;System info: host: &apos;vishal&apos;, ip: &apos;127.0.1.1&apos;, os.name: &apos;Linux&apos;, os.arch: &apos;amd64&apos;, os.version: &apos;4.15.0-88-generic&apos;, java.version: &apos;1.8.0_191&apos;&#10;Driver info: org.openqa.selenium.firefox.FirefoxDriver&#10;Capabilities {acceptInsecureCerts: true, browserName: firefox, browserVersion: 74.0, javascriptEnabled: true, moz:accessibilityChecks: false, moz:buildID: 20200309095159, moz:geckodriverVersion: 0.26.0, moz:headless: false, moz:processID: 7977, moz:profile: /tmp/rust_mozprofileAivhex, moz:shutdownTimeout: 60000, moz:useNonSpecCompliantPointerOrigin: false, moz:webdriverClick: true, pageLoadStrategy: normal, platform: LINUX, platformName: LINUX, platformVersion: 4.15.0-88-generic, rotatable: false, setWindowRect: true, strictFileInteractability: false, timeouts: {implicit: 0, pageLoad: 300000, script: 30000}, unhandledPromptBehavior: dismiss and notify}&#10;Session ID: c2f90bbd-49ab-425b-a989-f93a16ca0b1b&#10;*** Element info: {Using=xpath, value=//div[@class=&apos;text-center&apos;]/h2}" type="org.openqa.selenium.NoSuchWindowException"><![CDATA[org.openqa.selenium.NoSuchWindowException: 
Browsing context has been discarded
Build info: version: '3.141.59', revision: 'e82be7d358', time: '2018-11-14T08:17:03'
System info: host: 'vishal', ip: '127.0.1.1', os.name: 'Linux', os.arch: 'amd64', os.version: '4.15.0-88-generic', java.version: '1.8.0_191'
Driver info: org.openqa.selenium.firefox.FirefoxDriver
Capabilities {acceptInsecureCerts: true, browserName: firefox, browserVersion: 74.0, javascriptEnabled: true, moz:accessibilityChecks: false, moz:buildID: 20200309095159, moz:geckodriverVersion: 0.26.0, moz:headless: false, moz:processID: 7977, moz:profile: /tmp/rust_mozprofileAivhex, moz:shutdownTimeout: 60000, moz:useNonSpecCompliantPointerOrigin: false, moz:webdriverClick: true, pageLoadStrategy: normal, platform: LINUX, platformName: LINUX, platformVersion: 4.15.0-88-generic, rotatable: false, setWindowRect: true, strictFileInteractability: false, timeouts: {implicit: 0, pageLoad: 300000, script: 30000}, unhandledPromptBehavior: dismiss and notify}
Session ID: c2f90bbd-49ab-425b-a989-f93a16ca0b1b
*** Element info: {Using=xpath, value=//div[@class='text-center']/h2}
	at automation.scratch_framework.HomePage.basePageNavigation(HomePage.java:52)
]]></failure>
    <system-out><![CDATA[abc@gmail.com 1234567890
]]></system-out>
    <system-err><![CDATA[1593429528567	mozrunner::runner	INFO	Running command: "/usr/lib/firefox/firefox" "-marionette" "-foreground" "-no-remote" "-profile" "/tmp/rust_mozprofileAivhex"
1593429528863	addons.webextension.doh-rollout@mozilla.org	WARN	Loading extension 'doh-rollout@mozilla.org': Reading manifest: Invalid extension permission: networkStatus
1593429529206	addons.webextension.screenshots@mozilla.org	WARN	Loading extension 'screenshots@mozilla.org': Reading manifest: Invalid extension permission: mozillaAddons
1593429529206	addons.webextension.screenshots@mozilla.org	WARN	Loading extension 'screenshots@mozilla.org': Reading manifest: Invalid extension permission: telemetry
1593429529206	addons.webextension.screenshots@mozilla.org	WARN	Loading extension 'screenshots@mozilla.org': Reading manifest: Invalid extension permission: resource://pdf.js/
1593429529206	addons.webextension.screenshots@mozilla.org	WARN	Loading extension 'screenshots@mozilla.org': Reading manifest: Invalid extension permission: about:reader*
1593429530839	Marionette	INFO	Listening on port 41863
1593429530873	Marionette	WARN	TLS certificate errors will be ignored for this session
Jun 29, 2020 4:48:50 PM org.openqa.selenium.remote.ProtocolHandshake createSession
INFO: Detected dialect: W3C
]]></system-err>
  </testcase>
  <testcase name="basePageNavigation" classname="automation.scratch_framework.HomePage" time="5.127">
    <failure message="Failed to decode response from marionette&#10;Build info: version: &apos;3.141.59&apos;, revision: &apos;e82be7d358&apos;, time: &apos;2018-11-14T08:17:03&apos;&#10;System info: host: &apos;vishal&apos;, ip: &apos;127.0.1.1&apos;, os.name: &apos;Linux&apos;, os.arch: &apos;amd64&apos;, os.version: &apos;4.15.0-88-generic&apos;, java.version: &apos;1.8.0_191&apos;&#10;Driver info: org.openqa.selenium.firefox.FirefoxDriver&#10;Capabilities {acceptInsecureCerts: true, browserName: firefox, browserVersion: 74.0, javascriptEnabled: true, moz:accessibilityChecks: false, moz:buildID: 20200309095159, moz:geckodriverVersion: 0.26.0, moz:headless: false, moz:processID: 7977, moz:profile: /tmp/rust_mozprofileAivhex, moz:shutdownTimeout: 60000, moz:useNonSpecCompliantPointerOrigin: false, moz:webdriverClick: true, pageLoadStrategy: normal, platform: LINUX, platformName: LINUX, platformVersion: 4.15.0-88-generic, rotatable: false, setWindowRect: true, strictFileInteractability: false, timeouts: {implicit: 0, pageLoad: 300000, script: 30000}, unhandledPromptBehavior: dismiss and notify}&#10;Session ID: c2f90bbd-49ab-425b-a989-f93a16ca0b1b" type="org.openqa.selenium.WebDriverException"><![CDATA[org.openqa.selenium.WebDriverException: 
Failed to decode response from marionette
Build info: version: '3.141.59', revision: 'e82be7d358', time: '2018-11-14T08:17:03'
System info: host: 'vishal', ip: '127.0.1.1', os.name: 'Linux', os.arch: 'amd64', os.version: '4.15.0-88-generic', java.version: '1.8.0_191'
Driver info: org.openqa.selenium.firefox.FirefoxDriver
Capabilities {acceptInsecureCerts: true, browserName: firefox, browserVersion: 74.0, javascriptEnabled: true, moz:accessibilityChecks: false, moz:buildID: 20200309095159, moz:geckodriverVersion: 0.26.0, moz:headless: false, moz:processID: 7977, moz:profile: /tmp/rust_mozprofileAivhex, moz:shutdownTimeout: 60000, moz:useNonSpecCompliantPointerOrigin: false, moz:webdriverClick: true, pageLoadStrategy: normal, platform: LINUX, platformName: LINUX, platformVersion: 4.15.0-88-generic, rotatable: false, setWindowRect: true, strictFileInteractability: false, timeouts: {implicit: 0, pageLoad: 300000, script: 30000}, unhandledPromptBehavior: dismiss and notify}
Session ID: c2f90bbd-49ab-425b-a989-f93a16ca0b1b
]]></failure>
    <system-err><![CDATA[1593429535722	Marionette	INFO	Stopped listening on port 41863
]]></system-err>
  </testcase>
  <testcase name="afterTest" classname="automation.scratch_framework.HomePage" time="5.135">
    <failure message="Tried to run command without establishing a connection&#10;Build info: version: &apos;3.141.59&apos;, revision: &apos;e82be7d358&apos;, time: &apos;2018-11-14T08:17:03&apos;&#10;System info: host: &apos;vishal&apos;, ip: &apos;127.0.1.1&apos;, os.name: &apos;Linux&apos;, os.arch: &apos;amd64&apos;, os.version: &apos;4.15.0-88-generic&apos;, java.version: &apos;1.8.0_191&apos;&#10;Driver info: org.openqa.selenium.firefox.FirefoxDriver&#10;Capabilities {acceptInsecureCerts: true, browserName: firefox, browserVersion: 74.0, javascriptEnabled: true, moz:accessibilityChecks: false, moz:buildID: 20200309095159, moz:geckodriverVersion: 0.26.0, moz:headless: false, moz:processID: 7977, moz:profile: /tmp/rust_mozprofileAivhex, moz:shutdownTimeout: 60000, moz:useNonSpecCompliantPointerOrigin: false, moz:webdriverClick: true, pageLoadStrategy: normal, platform: LINUX, platformName: LINUX, platformVersion: 4.15.0-88-generic, rotatable: false, setWindowRect: true, strictFileInteractability: false, timeouts: {implicit: 0, pageLoad: 300000, script: 30000}, unhandledPromptBehavior: dismiss and notify}&#10;Session ID: c2f90bbd-49ab-425b-a989-f93a16ca0b1b" type="org.openqa.selenium.NoSuchSessionException"><![CDATA[org.openqa.selenium.NoSuchSessionException: 
Tried to run command without establishing a connection
Build info: version: '3.141.59', revision: 'e82be7d358', time: '2018-11-14T08:17:03'
System info: host: 'vishal', ip: '127.0.1.1', os.name: 'Linux', os.arch: 'amd64', os.version: '4.15.0-88-generic', java.version: '1.8.0_191'
Driver info: org.openqa.selenium.firefox.FirefoxDriver
Capabilities {acceptInsecureCerts: true, browserName: firefox, browserVersion: 74.0, javascriptEnabled: true, moz:accessibilityChecks: false, moz:buildID: 20200309095159, moz:geckodriverVersion: 0.26.0, moz:headless: false, moz:processID: 7977, moz:profile: /tmp/rust_mozprofileAivhex, moz:shutdownTimeout: 60000, moz:useNonSpecCompliantPointerOrigin: false, moz:webdriverClick: true, pageLoadStrategy: normal, platform: LINUX, platformName: LINUX, platformVersion: 4.15.0-88-generic, rotatable: false, setWindowRect: true, strictFileInteractability: false, timeouts: {implicit: 0, pageLoad: 300000, script: 30000}, unhandledPromptBehavior: dismiss and notify}
Session ID: c2f90bbd-49ab-425b-a989-f93a16ca0b1b
	at automation.scratch_framework.HomePage.afterTest(HomePage.java:82)
]]></failure>
  </testcase>
</testsuite>