<?xml version="1.0" encoding="UTF-8"?>
<testng-results skipped="0" failed="0" ignored="0" total="1" passed="1">
  <reporter-output>
  </reporter-output>
  <suite name="Suite" duration-ms="51698" started-at="2020-07-02T15:31:53 IST" finished-at="2020-07-02T15:32:44 IST">
    <groups>
      <group name="cucumber">
        <method signature="AbstractTestNGCucumberTests.feature(cucumber.api.testng.CucumberFeatureWrapper)[pri:0, instance:TestRunnerPackage.TestRunner@77be656f]" name="feature" class="cucumber.api.testng.AbstractTestNGCucumberTests"/>
      </group> <!-- cucumber -->
    </groups>
    <test name="Test" duration-ms="51698" started-at="2020-07-02T15:31:53 IST" finished-at="2020-07-02T15:32:44 IST">
      <class name="TestRunnerPackage.TestRunner">
        <test-method status="PASS" signature="setUpClass()[pri:0, instance:TestRunnerPackage.TestRunner@77be656f]" name="setUpClass" is-config="true" duration-ms="145" started-at="2020-07-02T15:31:53 IST" finished-at="2020-07-02T15:31:53 IST">
          <reporter-output>
          </reporter-output>
        </test-method> <!-- setUpClass -->
        <test-method status="PASS" signature="feature(cucumber.api.testng.CucumberFeatureWrapper)[pri:0, instance:TestRunnerPackage.TestRunner@77be656f]" name="feature" duration-ms="51458" started-at="2020-07-02T15:31:53 IST" description="Runs Cucumber Feature" data-provider="features" finished-at="2020-07-02T15:32:44 IST">
          <params>
            <param index="0">
              <value>
                <![CDATA[Application Login]]>
              </value>
            </param>
          </params>
          <reporter-output>
          </reporter-output>
        </test-method> <!-- feature -->
        <test-method status="PASS" signature="tearDownClass()[pri:0, instance:TestRunnerPackage.TestRunner@77be656f]" name="tearDownClass" is-config="true" duration-ms="4" started-at="2020-07-02T15:32:44 IST" finished-at="2020-07-02T15:32:44 IST">
          <reporter-output>
          </reporter-output>
        </test-method> <!-- tearDownClass -->
      </class> <!-- TestRunnerPackage.TestRunner -->
    </test> <!-- Test -->
  </suite> <!-- Suite -->
</testng-results>
